<?xml version="1.0" encoding="UTF-8"?>
<!-- Generated by org.testng.reporters.JUnitXMLReporter -->
<testsuite hostname="DESKTOP-8S9OID7" name="Page Object Model Project" tests="4" failures="0" timestamp="4 Aug 2020 13:22:59 GMT" time="17.094" errors="0">
  <testcase name="init" time="6.513" classname="testcase.Greenkarttestcase"/>
  <testcase name="ProductDetail" time="4.46" classname="testcase.Greenkarttestcase"/>
  <testcase name="ProductCart" time="5.931" classname="testcase.Greenkarttestcase"/>
  <testcase name="CheckoutProcess" time="0.153" classname="testcase.Greenkarttestcase"/>
</testsuite> <!-- Page Object Model Project -->
